<?xml version="1.0" encoding="UTF-8"?>
<!-- Generated by org.testng.reporters.JUnitXMLReporter -->
<testsuite hostname="DESKTOP-BL2895T" ignored="0" name="Surefire test" tests="19" failures="3" timestamp="2021-05-04T02:39:03 IST" time="236.971" errors="0">
  <testcase name="@BeforeMethod Setup" time="31.207" classname="com.amazon.qa.testcases.OnePlus9ProMorningMistPageTest">
    <failure type="org.openqa.selenium.NoSuchElementException" message="no such element: Unable to locate element: {&amp;quot;method&amp;quot;:&amp;quot;xpath&amp;quot;,&amp;quot;selector&amp;quot;:&amp;quot;//INPUT[@id=&amp;apos;twotabsearchtextbox&amp;apos;]&amp;quot;}
  (Session info: chrome=90.0.4430.93)
For documentation on this error, please visit: https://www.seleniumhq.org/exceptions/no_such_element.html
Build info: version: &amp;apos;3.141.59&amp;apos;, revision: &amp;apos;e82be7d358&amp;apos;, time: &amp;apos;2018-11-14T08:17:03&amp;apos;
System info: host: &amp;apos;DESKTOP-BL2895T&amp;apos;, ip: &amp;apos;10.10.9.15&amp;apos;, os.name: &amp;apos;Windows 10&amp;apos;, os.arch: &amp;apos;amd64&amp;apos;, os.version: &amp;apos;10.0&amp;apos;, java.version: &amp;apos;1.8.0_291&amp;apos;
Driver info: org.openqa.selenium.chrome.ChromeDriver
Capabilities {acceptInsecureCerts: false, browserName: chrome, browserVersion: 90.0.4430.93, chrome: {chromedriverVersion: 90.0.4430.24 (4c6d850f087da..., userDataDir: C:\Users\VANSHU~1\AppData\L...}, goog:chromeOptions: {debuggerAddress: localhost:56638}, javascriptEnabled: true, networkConnectionEnabled: false, pageLoadStrategy: normal, platform: WINDOWS, platformName: WINDOWS, proxy: Proxy(), setWindowRect: true, strictFileInteractability: false, timeouts: {implicit: 0, pageLoad: 300000, script: 30000}, unhandledPromptBehavior: dismiss and notify, webauthn:extension:largeBlob: true, webauthn:virtualAuthenticators: true}
Session ID: 7cf2253959bedf001a4a06b8629130b7
*** Element info: {Using=xpath, value=//INPUT[@id=&amp;apos;twotabsearchtextbox&amp;apos;]}">
      <![CDATA[org.openqa.selenium.NoSuchElementException: no such element: Unable to locate element: {"method":"xpath","selector":"//INPUT[@id='twotabsearchtextbox']"}
  (Session info: chrome=90.0.4430.93)
For documentation on this error, please visit: https://www.seleniumhq.org/exceptions/no_such_element.html
Build info: version: '3.141.59', revision: 'e82be7d358', time: '2018-11-14T08:17:03'
System info: host: 'DESKTOP-BL2895T', ip: '10.10.9.15', os.name: 'Windows 10', os.arch: 'amd64', os.version: '10.0', java.version: '1.8.0_291'
Driver info: org.openqa.selenium.chrome.ChromeDriver
Capabilities {acceptInsecureCerts: false, browserName: chrome, browserVersion: 90.0.4430.93, chrome: {chromedriverVersion: 90.0.4430.24 (4c6d850f087da..., userDataDir: C:\Users\VANSHU~1\AppData\L...}, goog:chromeOptions: {debuggerAddress: localhost:56638}, javascriptEnabled: true, networkConnectionEnabled: false, pageLoadStrategy: normal, platform: WINDOWS, platformName: WINDOWS, proxy: Proxy(), setWindowRect: true, strictFileInteractability: false, timeouts: {implicit: 0, pageLoad: 300000, script: 30000}, unhandledPromptBehavior: dismiss and notify, webauthn:extension:largeBlob: true, webauthn:virtualAuthenticators: true}
Session ID: 7cf2253959bedf001a4a06b8629130b7
*** Element info: {Using=xpath, value=//INPUT[@id='twotabsearchtextbox']}
at org.openqa.selenium.remote.http.W3CHttpResponseCodec.createException(W3CHttpResponseCodec.java:187)
at org.openqa.selenium.remote.http.W3CHttpResponseCodec.decode(W3CHttpResponseCodec.java:122)
at org.openqa.selenium.remote.http.W3CHttpResponseCodec.decode(W3CHttpResponseCodec.java:49)
at org.openqa.selenium.remote.HttpCommandExecutor.execute(HttpCommandExecutor.java:158)
at org.openqa.selenium.remote.service.DriverCommandExecutor.execute(DriverCommandExecutor.java:83)
at org.openqa.selenium.remote.RemoteWebDriver.execute(RemoteWebDriver.java:552)
at org.openqa.selenium.remote.RemoteWebDriver.findElement(RemoteWebDriver.java:323)
at org.openqa.selenium.remote.RemoteWebDriver.findElementByXPath(RemoteWebDriver.java:428)
at org.openqa.selenium.By$ByXPath.findElement(By.java:353)
at org.openqa.selenium.remote.RemoteWebDriver.findElement(RemoteWebDriver.java:315)
at org.openqa.selenium.support.pagefactory.DefaultElementLocator.findElement(DefaultElementLocator.java:69)
at org.openqa.selenium.support.pagefactory.internal.LocatingElementHandler.invoke(LocatingElementHandler.java:38)
at com.sun.proxy.$Proxy7.sendKeys(Unknown Source)
at com.amazon.qa.pages.HomePage.EnterProduct(HomePage.java:76)
at com.amazon.qa.testcases.OnePlus9ProMorningMistPageTest.Setup(OnePlus9ProMorningMistPageTest.java:35)
at java.util.ArrayList.forEach(Unknown Source)
... Removed 40 stack frames]]>
    </failure>
  </testcase> <!-- @BeforeMethod Setup -->
  <testcase name="@AfterMethod teardown" time="-1.620076070425E9" classname="com.amazon.qa.testcases.OnePlus9ProMorningMistPageTest">
    <skipped/>
  </testcase> <!-- @AfterMethod teardown -->
  <testcase name="@BeforeMethod Setup" time="29.968" classname="com.amazon.qa.testcases.OnePlus9ProPageTest">
    <failure type="org.openqa.selenium.NoSuchElementException" message="no such element: Unable to locate element: {&amp;quot;method&amp;quot;:&amp;quot;xpath&amp;quot;,&amp;quot;selector&amp;quot;:&amp;quot;//INPUT[@id=&amp;apos;twotabsearchtextbox&amp;apos;]&amp;quot;}
  (Session info: chrome=90.0.4430.93)
For documentation on this error, please visit: https://www.seleniumhq.org/exceptions/no_such_element.html
Build info: version: &amp;apos;3.141.59&amp;apos;, revision: &amp;apos;e82be7d358&amp;apos;, time: &amp;apos;2018-11-14T08:17:03&amp;apos;
System info: host: &amp;apos;DESKTOP-BL2895T&amp;apos;, ip: &amp;apos;10.10.9.15&amp;apos;, os.name: &amp;apos;Windows 10&amp;apos;, os.arch: &amp;apos;amd64&amp;apos;, os.version: &amp;apos;10.0&amp;apos;, java.version: &amp;apos;1.8.0_291&amp;apos;
Driver info: org.openqa.selenium.chrome.ChromeDriver
Capabilities {acceptInsecureCerts: false, browserName: chrome, browserVersion: 90.0.4430.93, chrome: {chromedriverVersion: 90.0.4430.24 (4c6d850f087da..., userDataDir: C:\Users\VANSHU~1\AppData\L...}, goog:chromeOptions: {debuggerAddress: localhost:56678}, javascriptEnabled: true, networkConnectionEnabled: false, pageLoadStrategy: normal, platform: WINDOWS, platformName: WINDOWS, proxy: Proxy(), setWindowRect: true, strictFileInteractability: false, timeouts: {implicit: 0, pageLoad: 300000, script: 30000}, unhandledPromptBehavior: dismiss and notify, webauthn:extension:largeBlob: true, webauthn:virtualAuthenticators: true}
Session ID: 253a0e1a10726fc334840ee618c1da5c
*** Element info: {Using=xpath, value=//INPUT[@id=&amp;apos;twotabsearchtextbox&amp;apos;]}">
      <![CDATA[org.openqa.selenium.NoSuchElementException: no such element: Unable to locate element: {"method":"xpath","selector":"//INPUT[@id='twotabsearchtextbox']"}
  (Session info: chrome=90.0.4430.93)
For documentation on this error, please visit: https://www.seleniumhq.org/exceptions/no_such_element.html
Build info: version: '3.141.59', revision: 'e82be7d358', time: '2018-11-14T08:17:03'
System info: host: 'DESKTOP-BL2895T', ip: '10.10.9.15', os.name: 'Windows 10', os.arch: 'amd64', os.version: '10.0', java.version: '1.8.0_291'
Driver info: org.openqa.selenium.chrome.ChromeDriver
Capabilities {acceptInsecureCerts: false, browserName: chrome, browserVersion: 90.0.4430.93, chrome: {chromedriverVersion: 90.0.4430.24 (4c6d850f087da..., userDataDir: C:\Users\VANSHU~1\AppData\L...}, goog:chromeOptions: {debuggerAddress: localhost:56678}, javascriptEnabled: true, networkConnectionEnabled: false, pageLoadStrategy: normal, platform: WINDOWS, platformName: WINDOWS, proxy: Proxy(), setWindowRect: true, strictFileInteractability: false, timeouts: {implicit: 0, pageLoad: 300000, script: 30000}, unhandledPromptBehavior: dismiss and notify, webauthn:extension:largeBlob: true, webauthn:virtualAuthenticators: true}
Session ID: 253a0e1a10726fc334840ee618c1da5c
*** Element info: {Using=xpath, value=//INPUT[@id='twotabsearchtextbox']}
at org.openqa.selenium.remote.http.W3CHttpResponseCodec.createException(W3CHttpResponseCodec.java:187)
at org.openqa.selenium.remote.http.W3CHttpResponseCodec.decode(W3CHttpResponseCodec.java:122)
at org.openqa.selenium.remote.http.W3CHttpResponseCodec.decode(W3CHttpResponseCodec.java:49)
at org.openqa.selenium.remote.HttpCommandExecutor.execute(HttpCommandExecutor.java:158)
at org.openqa.selenium.remote.service.DriverCommandExecutor.execute(DriverCommandExecutor.java:83)
at org.openqa.selenium.remote.RemoteWebDriver.execute(RemoteWebDriver.java:552)
at org.openqa.selenium.remote.RemoteWebDriver.findElement(RemoteWebDriver.java:323)
at org.openqa.selenium.remote.RemoteWebDriver.findElementByXPath(RemoteWebDriver.java:428)
at org.openqa.selenium.By$ByXPath.findElement(By.java:353)
at org.openqa.selenium.remote.RemoteWebDriver.findElement(RemoteWebDriver.java:315)
at org.openqa.selenium.support.pagefactory.DefaultElementLocator.findElement(DefaultElementLocator.java:69)
at org.openqa.selenium.support.pagefactory.internal.LocatingElementHandler.invoke(LocatingElementHandler.java:38)
at com.sun.proxy.$Proxy7.sendKeys(Unknown Source)
at com.amazon.qa.pages.HomePage.EnterProduct(HomePage.java:76)
at com.amazon.qa.testcases.OnePlus9ProPageTest.Setup(OnePlus9ProPageTest.java:35)
at java.util.ArrayList.forEach(Unknown Source)
... Removed 40 stack frames]]>
    </failure>
  </testcase> <!-- @BeforeMethod Setup -->
  <testcase name="@AfterMethod tearDown" time="-1.620076100395E9" classname="com.amazon.qa.testcases.OnePlus9ProPageTest">
    <skipped/>
  </testcase> <!-- @AfterMethod tearDown -->
  <testcase name="@BeforeMethod Setup" time="-1.620076100396E9" classname="com.amazon.qa.testcases.OnePlus9ProPageTest">
    <skipped/>
  </testcase> <!-- @BeforeMethod Setup -->
  <testcase name="@AfterMethod tearDown" time="-1.620076100397E9" classname="com.amazon.qa.testcases.OnePlus9ProPageTest">
    <skipped/>
  </testcase> <!-- @AfterMethod tearDown -->
  <testcase name="@BeforeMethod Setup" time="-1.620076100398E9" classname="com.amazon.qa.testcases.OnePlus9ProPageTest">
    <skipped/>
  </testcase> <!-- @BeforeMethod Setup -->
  <testcase name="@AfterMethod tearDown" time="-1.620076100399E9" classname="com.amazon.qa.testcases.OnePlus9ProPageTest">
    <skipped/>
  </testcase> <!-- @AfterMethod tearDown -->
  <testcase name="ValidateHomePageTitle" time="4.157" classname="com.amazon.qa.testcases.HomePageTest">
    <failure type="java.lang.AssertionError" message="SignIn2Page title not matched expected [Your Amazon.com] but found [Amazon.com: Online Shopping for Electronics, Apparel, Computers, Books, DVDs &amp;amp; more]">
      <![CDATA[java.lang.AssertionError: SignIn2Page title not matched expected [Your Amazon.com] but found [Amazon.com: Online Shopping for Electronics, Apparel, Computers, Books, DVDs & more]
at com.amazon.qa.testcases.HomePageTest.ValidateHomePageTitle(HomePageTest.java:43)
at java.util.ArrayList.forEach(Unknown Source)
... Removed 37 stack frames]]>
    </failure>
  </testcase> <!-- ValidateHomePageTitle -->
  <testcase name="ValidateHelloUser" time="4.147" classname="com.amazon.qa.testcases.HomePageTest"/>
  <testcase name="ValidateHomePageLogo" time="4.32" classname="com.amazon.qa.testcases.HomePageTest"/>
  <testcase name="ValidateReturnsandOrder" time="4.723" classname="com.amazon.qa.testcases.HomePageTest"/>
  <testcase name="ValidateDeliverTo" time="3.585" classname="com.amazon.qa.testcases.HomePageTest"/>
  <testcase name="HomePageContinueTest" time="8.761" classname="com.amazon.qa.testcases.HomePageTest"/>
  <testcase name="ValidateYourAccountOrderTest" time="7.553" classname="com.amazon.qa.testcases.HomePageTest"/>
  <testcase name="ValidatePageTitle" time="0.008" classname="com.amazon.qa.testcases.OnePlus9ProMorningMistPageTest">
    <failure type="java.lang.NullPointerException">
      <![CDATA[java.lang.NullPointerException
at com.amazon.qa.testcases.OnePlus9ProMorningMistPageTest.ValidatePageTitle(OnePlus9ProMorningMistPageTest.java:41)
at java.util.ArrayList.forEach(Unknown Source)
... Removed 32 stack frames]]>
    </failure>
  </testcase> <!-- ValidatePageTitle -->
  <testcase name="ValidateBuyNowIcon" time="0.0" classname="com.amazon.qa.testcases.OnePlus9ProMorningMistPageTest">
    <failure type="java.lang.NullPointerException">
      <![CDATA[java.lang.NullPointerException
at com.amazon.qa.testcases.OnePlus9ProMorningMistPageTest.ValidateBuyNowIcon(OnePlus9ProMorningMistPageTest.java:47)
at java.util.ArrayList.forEach(Unknown Source)
... Removed 32 stack frames]]>
    </failure>
  </testcase> <!-- ValidateBuyNowIcon -->
  <testcase name="ValixdatePageTitle" time="0.0" classname="com.amazon.qa.testcases.OnePlus9ProMorningMistPageTest">
    <skipped/>
  </testcase> <!-- ValixdatePageTitle -->
  <testcase name="ValidatePageTitle" time="0.0" classname="com.amazon.qa.testcases.OnePlus9ProPageTest">
    <skipped/>
  </testcase> <!-- ValidatePageTitle -->
  <testcase name="OnePlu9ProContinueTest" time="0.0" classname="com.amazon.qa.testcases.OnePlus9ProPageTest">
    <skipped/>
  </testcase> <!-- OnePlu9ProContinueTest -->
  <testcase name="ClickCheckBox" time="0.0" classname="com.amazon.qa.testcases.OnePlus9ProPageTest">
    <skipped/>
  </testcase> <!-- ClickCheckBox -->
  <testcase name="ValidateSignIn2PageTitle" time="0.011" classname="com.amazon.qa.testcases.SignIn2PageTest"/>
  <testcase name="signIn2PageContinueTest" time="0.282" classname="com.amazon.qa.testcases.SignIn2PageTest"/>
  <testcase name="ValidateSignInPageTitle" time="0.011" classname="com.amazon.qa.testcases.SignInPageTest"/>
  <testcase name="signInPageLogoTest" time="0.124" classname="com.amazon.qa.testcases.SignInPageTest"/>
  <testcase name="signInPageContinueTest" time="3.725" classname="com.amazon.qa.testcases.SignInPageTest"/>
  <testcase name="validateCreateYourAmazonAccount" time="1.44" classname="com.amazon.qa.testcases.SignInPageTest"/>
</testsuite> <!-- Surefire test -->
